\BOOKMARK [1][-]{section.1}{Introduction}{}% 1
\BOOKMARK [2][-]{subsection.1.1}{What's\040Included}{section.1}% 2
\BOOKMARK [2][-]{subsection.1.2}{What's\040Required}{section.1}% 3
\BOOKMARK [2][-]{subsection.1.3}{Expansions}{section.1}% 4
\BOOKMARK [1][-]{section.2}{THE\040BASICS}{}% 5
\BOOKMARK [2][-]{subsection.2.1}{Status\040Panel}{section.2}% 6
\BOOKMARK [2][-]{subsection.2.2}{Orientation\040References}{section.2}% 7
\BOOKMARK [2][-]{subsection.2.3}{Pinout\040Refrences}{section.2}% 8
\BOOKMARK [1][-]{section.3}{System\040Specifications}{}% 9
\BOOKMARK [2][-]{subsection.3.1}{Vehicles\040Equations}{section.3}% 10
\BOOKMARK [1][-]{section.4}{SAFETY}{}% 11
\BOOKMARK [2][-]{subsection.4.1}{General\040Warnings}{section.4}% 12
\BOOKMARK [2][-]{subsection.4.2}{E-Stop\040and\040Lockout}{section.4}% 13
\BOOKMARK [2][-]{subsection.4.3}{Electrical\040System}{section.4}% 14
\BOOKMARK [2][-]{subsection.4.4}{Lifting\040and\040transport}{section.4}% 15
\BOOKMARK [2][-]{subsection.4.5}{Performance\040Recommendations}{section.4}% 16
\BOOKMARK [1][-]{section.5}{GETTING\040STARTED}{}% 17
\BOOKMARK [2][-]{subsection.5.1}{Onboard\040PC\040Setup}{section.5}% 18
\BOOKMARK [2][-]{subsection.5.2}{Connecting\040Computer}{section.5}% 19
\BOOKMARK [2][-]{subsection.5.3}{Remote\040PC}{section.5}% 20
\BOOKMARK [2][-]{subsection.5.4}{Connecting\040Power}{section.5}% 21
\BOOKMARK [2][-]{subsection.5.5}{User\040Bay\040Power\040Connections}{section.5}% 22
\BOOKMARK [2][-]{subsection.5.6}{Verification}{section.5}% 23
\BOOKMARK [1][-]{section.6}{USING\040ROS}{}% 24
\BOOKMARK [2][-]{subsection.6.1}{Nodes}{section.6}% 25
\BOOKMARK [2][-]{subsection.6.2}{Topics}{section.6}% 26
\BOOKMARK [2][-]{subsection.6.3}{Workspace}{section.6}% 27
\BOOKMARK [2][-]{subsection.6.4}{Payloads}{section.6}% 28
\BOOKMARK [1][-]{section.7}{Battery\040and\040Maintenance}{}% 29
\BOOKMARK [2][-]{subsection.7.1}{Charging}{section.7}% 30
\BOOKMARK [2][-]{subsection.7.2}{Battery\040Care}{section.7}% 31
\BOOKMARK [2][-]{subsection.7.3}{Wheels}{section.7}% 32
\BOOKMARK [2][-]{subsection.7.4}{Chassis}{section.7}% 33
\BOOKMARK [1][-]{section.8}{TIPS\040AND\040TROUBLESHOOTING}{}% 34
\BOOKMARK [2][-]{subsection.8.1}{Mechanical\040Tips}{section.8}% 35
\BOOKMARK [2][-]{subsection.8.2}{Troubleshooting}{section.8}% 36
\BOOKMARK [1][-]{section.9}{Product\040Dimensions}{}% 37
\BOOKMARK [1][-]{section.10}{Service\040and\040Support}{}% 38
